//本日志文件由 "Tabbar Add-in(1.16.2517) For Visual C++ 6.0" 创建
//项目文件:E:\codes\vc\mfc\sunxin\deep in C++\chapter12\File\File.dsp
//如果文件增长的很大请删除除本节之外的其他信息

[MAIN]
nBuildNumber = 61

[Build00000001]
sStartTime = 2010-03-20 14:25:43
sCompileUser = Administrator
nErrors = 0
nWarns = 0
sEndTime = 2010-03-20 14:25:44

[Build00000002]
sStartTime = 2010-03-20 14:27:00
sCompileUser = Administrator
nErrors = 0
nWarns = 0
sEndTime = 2010-03-20 14:27:00

[Build00000003]
sStartTime = 2010-03-20 14:28:23
sCompileUser = Administrator
nErrors = 0
nWarns = 0
sEndTime = 2010-03-20 14:28:23

[Build00000004]
sStartTime = 2010-03-20 14:31:12
sCompileUser = Administrator
nErrors = 0
nWarns = 0
sEndTime = 2010-03-20 14:31:13

[Build00000005]
sStartTime = 2010-03-20 14:32:57
sCompileUser = Administrator
nErrors = 0
nWarns = 0
sEndTime = 2010-03-20 14:32:57

[Build00000006]
sStartTime = 2010-03-20 14:34:52
sCompileUser = Administrator
nErrors = 0
nWarns = 0
sEndTime = 2010-03-20 14:34:52

[Build00000007]
sStartTime = 2010-03-20 14:37:51
sCompileUser = Administrator
nErrors = 0
nWarns = 0
sEndTime = 2010-03-20 14:37:51

[Build00000008]
sStartTime = 2010-03-20 14:38:21
sCompileUser = Administrator
nErrors = 0
nWarns = 0
sEndTime = 2010-03-20 14:38:21

[Build00000009]
sStartTime = 2010-03-20 14:40:10
sCompileUser = Administrator
nErrors = 0
nWarns = 0
sEndTime = 2010-03-20 14:40:10

[Build00000010]
sStartTime = 2010-03-20 14:44:04
sCompileUser = Administrator
nErrors = 0
nWarns = 0
sEndTime = 2010-03-20 14:44:04

[Build00000011]
sStartTime = 2010-03-20 14:44:28
sCompileUser = Administrator
nErrors = 0
nWarns = 0
sEndTime = 2010-03-20 14:44:28

[Build00000012]
sStartTime = 2010-03-20 14:45:41
sCompileUser = Administrator
nErrors = 0
nWarns = 0
sEndTime = 2010-03-20 14:45:41

[Build00000013]
sStartTime = 2010-03-20 14:46:58
sCompileUser = Administrator
nErrors = 0
nWarns = 0
sEndTime = 2010-03-20 14:46:59

[Build00000014]
sStartTime = 2010-03-20 14:56:35
sCompileUser = Administrator
nErrors = 0
nWarns = 0
sEndTime = 2010-03-20 14:56:35

[Build00000015]
sStartTime = 2010-03-20 14:59:20
sCompileUser = Administrator
nErrors = 0
nWarns = 0
sEndTime = 2010-03-20 14:59:20

[Build00000016]
sStartTime = 2010-03-20 15:01:04
sCompileUser = Administrator
nErrors = 0
nWarns = 0
sEndTime = 2010-03-20 15:01:04

[Build00000017]
sStartTime = 2010-03-20 15:02:28
sCompileUser = Administrator
nErrors = 0
nWarns = 0
sEndTime = 2010-03-20 15:02:28

[Build00000018]
sStartTime = 2010-03-20 15:06:28
sCompileUser = Administrator
nErrors = 0
nWarns = 0
sEndTime = 2010-03-20 15:06:28

[Build00000019]
sStartTime = 2010-03-20 15:06:56
sCompileUser = Administrator
nErrors = 0
nWarns = 0
sEndTime = 2010-03-20 15:06:56

[Build00000020]
sStartTime = 2010-03-20 15:08:11
sCompileUser = Administrator
nErrors = 0
nWarns = 0
sEndTime = 2010-03-20 15:08:11

[Build00000021]
sStartTime = 2010-03-20 15:11:19
sCompileUser = Administrator
nErrors = 0
nWarns = 0
sEndTime = 2010-03-20 15:11:19

[Build00000022]
sStartTime = 2010-03-20 15:14:09
sCompileUser = Administrator
nErrors = 1
nWarns = 0
sEndTime = 2010-03-20 15:14:09

[Build00000023]
sStartTime = 2010-03-20 15:14:16
sCompileUser = Administrator
nErrors = 0
nWarns = 0
sEndTime = 2010-03-20 15:14:16

[Build00000024]
sStartTime = 2010-03-20 15:25:17
sCompileUser = Administrator
nErrors = 7
nWarns = 0
sEndTime = 2010-03-20 15:25:17

[Build00000025]
sStartTime = 2010-03-20 15:25:37
sCompileUser = Administrator
nErrors = 3
nWarns = 0
sEndTime = 2010-03-20 15:25:37

[Build00000026]
sStartTime = 2010-03-20 15:25:44
sCompileUser = Administrator
nErrors = 0
nWarns = 0
sEndTime = 2010-03-20 15:25:44

[Build00000027]
sStartTime = 2010-03-20 15:25:46
sCompileUser = Administrator
nErrors = 0
nWarns = 0
sEndTime = 2010-03-20 15:25:46

[Build00000028]
sStartTime = 2010-03-20 15:27:28
sCompileUser = Administrator
nErrors = 0
nWarns = 0
sEndTime = 2010-03-20 15:27:28

[Build00000029]
sStartTime = 2010-03-20 15:38:45
sCompileUser = Administrator
nErrors = 0
nWarns = 0
sEndTime = 2010-03-20 15:38:45

[Build00000030]
sStartTime = 2010-03-20 15:42:13
sCompileUser = Administrator
nErrors = 3
nWarns = 0
sEndTime = 2010-03-20 15:42:13

[Build00000031]
sStartTime = 2010-03-20 15:42:27
sCompileUser = Administrator
nErrors = 1
nWarns = 0
sEndTime = 2010-03-20 15:42:27

[Build00000032]
sStartTime = 2010-03-20 15:42:51
sCompileUser = Administrator
nErrors = 0
nWarns = 0
sEndTime = 2010-03-20 15:42:51

[Build00000033]
sStartTime = 2010-03-20 15:47:54
sCompileUser = Administrator
nErrors = 0
nWarns = 0
sEndTime = 2010-03-20 15:47:54

[Build00000034]
sStartTime = 2010-03-20 15:50:37
sCompileUser = Administrator
nErrors = 0
nWarns = 0
sEndTime = 2010-03-20 15:50:37

[Build00000035]
sStartTime = 2010-03-20 15:54:12
sCompileUser = Administrator
nErrors = 0
nWarns = 0
sEndTime = 2010-03-20 15:54:13

[Build00000036]
sStartTime = 2010-03-20 15:57:45
sCompileUser = Administrator
nErrors = 0
nWarns = 0
sEndTime = 2010-03-20 15:57:45

[Build00000037]
sStartTime = 2010-03-20 15:58:15
sCompileUser = Administrator
nErrors = 0
nWarns = 0
sEndTime = 2010-03-20 15:58:15

[Build00000038]
sStartTime = 2010-03-20 15:58:28
sCompileUser = Administrator
nErrors = 0
nWarns = 0
sEndTime = 2010-03-20 15:58:28

[Build00000039]
sStartTime = 2010-03-20 15:59:29
sCompileUser = Administrator
nErrors = 0
nWarns = 0
sEndTime = 2010-03-20 15:59:29

[Build00000040]
sStartTime = 2010-03-20 16:00:23
sCompileUser = Administrator
nErrors = 0
nWarns = 0
sEndTime = 2010-03-20 16:00:23

[Build00000041]
sStartTime = 2010-03-20 16:02:34
sCompileUser = Administrator
nErrors = 0
nWarns = 0
sEndTime = 2010-03-20 16:02:34

[Build00000042]
sStartTime = 2010-03-20 16:08:56
sCompileUser = Administrator
nErrors = 0
nWarns = 0
sEndTime = 2010-03-20 16:08:56

[Build00000043]
sStartTime = 2010-03-20 16:09:49
sCompileUser = Administrator
nErrors = 0
nWarns = 0
sEndTime = 2010-03-20 16:09:50

[Build00000044]
sStartTime = 2010-03-20 16:10:31
sCompileUser = Administrator
nErrors = 0
nWarns = 0
sEndTime = 2010-03-20 16:10:31

[Build00000045]
sStartTime = 2010-03-20 16:28:54
sCompileUser = Administrator
nErrors = 0
nWarns = 0
sEndTime = 2010-03-20 16:28:55

[Build00000046]
sStartTime = 2010-03-20 16:31:23
sCompileUser = Administrator
nErrors = 0
nWarns = 0
sEndTime = 2010-03-20 16:31:23

[Build00000047]
sStartTime = 2010-03-20 16:31:31
sCompileUser = Administrator
nErrors = 0
nWarns = 0
sEndTime = 2010-03-20 16:31:31

[Build00000048]
sStartTime = 2010-03-20 16:32:29
sCompileUser = Administrator
nErrors = 0
nWarns = 0
sEndTime = 2010-03-20 16:32:29

[Build00000049]
sStartTime = 2010-03-20 16:35:40
sCompileUser = Administrator
nErrors = 0
nWarns = 0
sEndTime = 2010-03-20 16:35:41

[Build00000050]
sStartTime = 2010-03-20 16:37:26
sCompileUser = Administrator
nErrors = 0
nWarns = 0
sEndTime = 2010-03-20 16:37:26

[Build00000051]
sStartTime = 2010-03-20 16:39:34
sCompileUser = Administrator
nErrors = 0
nWarns = 0
sEndTime = 2010-03-20 16:39:35

[Build00000052]
sStartTime = 2010-03-20 16:51:51
sCompileUser = Administrator
nErrors = 0
nWarns = 0
sEndTime = 2010-03-20 16:51:52

[Build00000053]
sStartTime = 2010-03-20 16:54:41
sCompileUser = Administrator
nErrors = 0
nWarns = 0
sEndTime = 2010-03-20 16:54:42

[Build00000054]
sStartTime = 2010-03-20 16:56:10
sCompileUser = Administrator
nErrors = 0
nWarns = 0
sEndTime = 2010-03-20 16:56:10

[Build00000055]
sStartTime = 2010-03-20 16:56:39
sCompileUser = Administrator
nErrors = 0
nWarns = 2
sEndTime = 2010-03-20 16:56:39

[Build00000056]
sStartTime = 2010-03-20 16:57:34
sCompileUser = Administrator
nErrors = 0
nWarns = 2
sEndTime = 2010-03-20 16:57:34

[Build00000057]
sStartTime = 2010-03-20 16:58:05
sCompileUser = Administrator
nErrors = 0
nWarns = 0
sEndTime = 2010-03-20 16:58:05

[Build00000058]
sStartTime = 2010-03-20 16:59:48
sCompileUser = Administrator
nErrors = 2
nWarns = 0
sEndTime = 2010-03-20 16:59:48

[Build00000059]
sStartTime = 2010-03-20 16:59:55
sCompileUser = Administrator
nErrors = 1
nWarns = 0
sEndTime = 2010-03-20 16:59:55

[Build00000060]
sStartTime = 2010-03-20 17:00:03
sCompileUser = Administrator
nErrors = 0
nWarns = 0
sEndTime = 2010-03-20 17:00:04

[Build00000061]
sStartTime = 2010-03-20 17:02:43
sCompileUser = Administrator
nErrors = 0
nWarns = 0
sEndTime = 2010-03-20 17:02:44
