//本日志文件由 "Tabbar Add-in(1.16.2517) For Visual C++ 6.0" 创建
//项目文件:E:\CODES\VC\MFC\SUNXIN\DEEP IN C++\CHAPTER4\Draw\Draw.dsp
//如果文件增长的很大请删除除本节之外的其他信息

[MAIN]
nBuildNumber = 37

[Build00000001]
sStartTime = 2010-03-13 13:45:14
sCompileUser = Administrator
nErrors = 0
nWarns = 0
sEndTime = 2010-03-13 13:45:14

[Build00000002]
sStartTime = 2010-03-13 13:47:09
sCompileUser = Administrator
nErrors = 0
nWarns = 0
sEndTime = 2010-03-13 13:47:10

[Build00000003]
sStartTime = 2010-03-13 13:56:44
sCompileUser = Administrator
nErrors = 0
nWarns = 0
sEndTime = 2010-03-13 13:56:44

[Build00000004]
sStartTime = 2010-03-13 13:58:15
sCompileUser = Administrator
nErrors = 0
nWarns = 0
sEndTime = 2010-03-13 13:58:15

[Build00000005]
sStartTime = 2010-03-13 14:02:52
sCompileUser = Administrator
nErrors = 0
nWarns = 0
sEndTime = 2010-03-13 14:02:52

[Build00000006]
sStartTime = 2010-03-13 14:04:00
sCompileUser = Administrator
nErrors = 0
nWarns = 0
sEndTime = 2010-03-13 14:04:00

[Build00000007]
sStartTime = 2010-03-13 14:06:59
sCompileUser = Administrator
nErrors = 10
nWarns = 0
sEndTime = 2010-03-13 14:06:59

[Build00000008]
sStartTime = 2010-03-13 14:07:46
sCompileUser = Administrator
nErrors = 0
nWarns = 0
sEndTime = 2010-03-13 14:07:46

[Build00000009]
sStartTime = 2010-03-13 15:01:43
sCompileUser = Administrator
nErrors = 0
nWarns = 0
sEndTime = 2010-03-13 15:01:43

[Build00000010]
sStartTime = 2010-03-13 15:04:17
sCompileUser = Administrator
nErrors = 0
nWarns = 0
sEndTime = 2010-03-13 15:04:17

[Build00000011]
sStartTime = 2010-03-13 15:13:19
sCompileUser = Administrator
nErrors = 1
nWarns = 0
sEndTime = 2010-03-13 15:13:19

[Build00000012]
sStartTime = 2010-03-13 15:13:35
sCompileUser = Administrator
nErrors = 0
nWarns = 0
sEndTime = 2010-03-13 15:13:35

[Build00000013]
sStartTime = 2010-03-13 15:16:22
sCompileUser = Administrator
nErrors = 0
nWarns = 0
sEndTime = 2010-03-13 15:16:22

[Build00000014]
sStartTime = 2010-03-13 15:20:37
sCompileUser = Administrator
nErrors = 0
nWarns = 0
sEndTime = 2010-03-13 15:20:37

[Build00000015]
sStartTime = 2010-03-13 15:22:09
sCompileUser = Administrator
nErrors = 0
nWarns = 0
sEndTime = 2010-03-13 15:22:09

[Build00000016]
sStartTime = 2010-03-13 15:24:10
sCompileUser = Administrator
nErrors = 0
nWarns = 0
sEndTime = 2010-03-13 15:24:10

[Build00000017]
sStartTime = 2010-03-13 15:25:34
sCompileUser = Administrator
nErrors = 0
nWarns = 0
sEndTime = 2010-03-13 15:25:34

[Build00000018]
sStartTime = 2010-03-13 15:28:21
sCompileUser = Administrator
nErrors = 0
nWarns = 0
sEndTime = 2010-03-13 15:28:22

[Build00000019]
sStartTime = 2010-03-13 15:28:46
sCompileUser = Administrator
nErrors = 0
nWarns = 0
sEndTime = 2010-03-13 15:28:46

[Build00000020]
sStartTime = 2010-03-13 15:29:57
sCompileUser = Administrator
nErrors = 0
nWarns = 0
sEndTime = 2010-03-13 15:29:57

[Build00000021]
sStartTime = 2010-03-13 15:30:12
sCompileUser = Administrator
nErrors = 0
nWarns = 0
sEndTime = 2010-03-13 15:30:12

[Build00000022]
sStartTime = 2010-03-13 15:30:25
sCompileUser = Administrator
nErrors = 0
nWarns = 0
sEndTime = 2010-03-13 15:30:25

[Build00000023]
sStartTime = 2010-03-13 15:53:30
sCompileUser = Administrator
nErrors = 0
nWarns = 0
sEndTime = 2010-03-13 15:53:30

[Build00000024]
sStartTime = 2010-03-13 16:03:52
sCompileUser = Administrator
nErrors = 0
nWarns = 0
sEndTime = 2010-03-13 16:03:52

[Build00000025]
sStartTime = 2010-03-13 16:05:05
sCompileUser = Administrator
nErrors = 0
nWarns = 0
sEndTime = 2010-03-13 16:05:05

[Build00000026]
sStartTime = 2010-03-13 16:06:31
sCompileUser = Administrator
nErrors = 0
nWarns = 0
sEndTime = 2010-03-13 16:06:31

[Build00000027]
sStartTime = 2010-03-13 16:13:12
sCompileUser = Administrator
nErrors = 0
nWarns = 0
sEndTime = 2010-03-13 16:13:13

[Build00000028]
sStartTime = 2010-03-13 16:14:25
sCompileUser = Administrator
nErrors = 1
nWarns = 0
sEndTime = 2010-03-13 16:14:25

[Build00000029]
sStartTime = 2010-03-13 16:14:43
sCompileUser = Administrator
nErrors = 0
nWarns = 0
sEndTime = 2010-03-13 16:14:43

[Build00000030]
sStartTime = 2010-03-13 16:36:54
sCompileUser = Administrator
nErrors = 0
nWarns = 0
sEndTime = 2010-03-13 16:36:55

[Build00000031]
sStartTime = 2010-03-13 16:39:14
sCompileUser = Administrator
nErrors = 0
nWarns = 0
sEndTime = 2010-03-13 16:39:15

[Build00000032]
sStartTime = 2010-03-13 16:40:09
sCompileUser = Administrator
nErrors = 0
nWarns = 0
sEndTime = 2010-03-13 16:40:09

[Build00000033]
sStartTime = 2010-03-13 16:42:19
sCompileUser = Administrator
nErrors = 0
nWarns = 0
sEndTime = 2010-03-13 16:42:19

[Build00000034]
sStartTime = 2010-03-13 16:47:22
sCompileUser = Administrator
nErrors = 0
nWarns = 0
sEndTime = 2010-03-13 16:47:22

[Build00000035]
sStartTime = 2010-03-13 16:48:29
sCompileUser = Administrator
nErrors = 0
nWarns = 0
sEndTime = 2010-03-13 16:48:29

[Build00000036]
sStartTime = 2010-03-13 16:49:04
sCompileUser = Administrator
nErrors = 0
nWarns = 0
sEndTime = 2010-03-13 16:49:04

[Build00000037]
sStartTime = 2010-03-13 16:49:40
sCompileUser = Administrator
nErrors = 0
nWarns = 0
sEndTime = 2010-03-13 16:49:40
