//本日志文件由 "Tabbar Add-in(1.16.2517) For Visual C++ 6.0" 创建
//项目文件:E:\CODES\VC\MFC\SUNXIN\DEEP IN C++\CHAPTER3\WinMain\WinMain.dsp
//如果文件增长的很大请删除除本节之外的其他信息

[MAIN]
nBuildNumber = 6

[Build00000001]
sStartTime = 2010-03-13 10:50:10
sCompileUser = Administrator
nErrors = 0
nWarns = 0
sEndTime = 2010-03-13 10:50:12

[Build00000002]
sStartTime = 2010-03-13 12:39:53
sCompileUser = Administrator
nErrors = 4
nWarns = 0
sEndTime = 2010-03-13 12:39:53

[Build00000003]
sStartTime = 2010-03-13 12:40:49
sCompileUser = Administrator
nErrors = 1
nWarns = 0
sEndTime = 2010-03-13 12:40:49

[Build00000004]
sStartTime = 2010-03-13 12:41:43
sCompileUser = Administrator
nErrors = 0
nWarns = 0
sEndTime = 2010-03-13 12:41:43

[Build00000005]
sStartTime = 2010-03-13 12:43:43
sCompileUser = Administrator
nErrors = 4
nWarns = 0
sEndTime = 2010-03-13 12:43:43

[Build00000006]
sStartTime = 2010-03-13 12:44:05
sCompileUser = Administrator
nErrors = 0
nWarns = 0
sEndTime = 2010-03-13 12:44:05
