//本日志文件由 "Tabbar Add-in(1.16.2517) For Visual C++ 6.0" 创建
//项目文件:E:\CODES\VC\MFC\SUNXIN\DEEP IN C++\CHAPTER2\Animal\Animal.dsp
//如果文件增长的很大请删除除本节之外的其他信息

[MAIN]
nBuildNumber = 12

[Build00000001]
sStartTime = 2010-03-07 19:09:30
sCompileUser = Administrator
nErrors = 3
nWarns = 0
sEndTime = 2010-03-07 19:09:32

[Build00000002]
sStartTime = 2010-03-07 19:09:42
sCompileUser = Administrator
nErrors = 1
nWarns = 0
sEndTime = 2010-03-07 19:09:42

[Build00000003]
sStartTime = 2010-03-07 19:09:50
sCompileUser = Administrator
nErrors = 1
nWarns = 0
sEndTime = 2010-03-07 19:09:50

[Build00000004]
sStartTime = 2010-03-07 19:09:58
sCompileUser = Administrator
nErrors = 1
nWarns = 0
sEndTime = 2010-03-07 19:09:58

[Build00000005]
sStartTime = 2010-03-07 19:10:04
sCompileUser = Administrator
nErrors = 0
nWarns = 0
sEndTime = 2010-03-07 19:10:05

[Build00000006]
sStartTime = 2010-03-07 19:10:45
sCompileUser = Administrator
nErrors = 0
nWarns = 0
sEndTime = 2010-03-07 19:10:45

[Build00000007]
sStartTime = 2010-03-07 19:17:49
sCompileUser = Administrator
nErrors = 16
nWarns = 0
sEndTime = 2010-03-07 19:17:49

[Build00000008]
sStartTime = 2010-03-07 19:18:23
sCompileUser = Administrator
nErrors = 2
nWarns = 0
sEndTime = 2010-03-07 19:18:23

[Build00000009]
sStartTime = 2010-03-07 19:18:36
sCompileUser = Administrator
nErrors = 0
nWarns = 0
sEndTime = 2010-03-07 19:18:36

[Build00000010]
sStartTime = 2010-03-07 19:19:04
sCompileUser = Administrator
nErrors = 0
nWarns = 0
sEndTime = 2010-03-07 19:19:04

[Build00000011]
sStartTime = 2010-03-07 19:19:30
sCompileUser = Administrator
nErrors = 1
nWarns = 0
sEndTime = 2010-03-07 19:19:31

[Build00000012]
sStartTime = 2010-03-07 19:20:05
sCompileUser = Administrator
nErrors = 0
nWarns = 0
sEndTime = 2010-03-07 19:20:06
