//本日志文件由 "Tabbar Add-in(1.16.2517) For Visual C++ 6.0" 创建
//项目文件:E:\CODES\VC\MFC\SUNXIN\DEEP IN C++\CHAPTER3\main\main.dsp
//如果文件增长的很大请删除除本节之外的其他信息

[MAIN]
nBuildNumber = 3

[Build00000001]
sStartTime = 2010-03-12 20:44:49
sCompileUser = Administrator
nErrors = 2
nWarns = 0
sEndTime = 2010-03-12 20:44:49

[Build00000002]
sStartTime = 2010-03-12 20:44:56
sCompileUser = Administrator
nErrors = 0
nWarns = 0
sEndTime = 2010-03-12 20:44:57

[Build00000003]
sStartTime = 2010-03-12 20:46:44
sCompileUser = Administrator
nErrors = 0
nWarns = 0
sEndTime = 2010-03-12 20:46:45
