//本日志文件由 "Tabbar Add-in(1.16.2517) For Visual C++ 6.0" 创建
//项目文件:E:\CODES\VC\MFC\SUNXIN\DEEP IN C++\CHAPTER3\Button\Button.dsp
//如果文件增长的很大请删除除本节之外的其他信息

[MAIN]
nBuildNumber = 13

[Build00000001]
sStartTime = 2010-03-13 12:49:22
sCompileUser = Administrator
nErrors = 0
nWarns = 0
sEndTime = 2010-03-13 12:49:24

[Build00000002]
sStartTime = 2010-03-13 13:03:49
sCompileUser = Administrator
nErrors = 0
nWarns = 0
sEndTime = 2010-03-13 13:03:49

[Build00000003]
sStartTime = 2010-03-13 13:07:45
sCompileUser = Administrator
nErrors = 0
nWarns = 0
sEndTime = 2010-03-13 13:07:45

[Build00000004]
sStartTime = 2010-03-13 13:08:13
sCompileUser = Administrator
nErrors = 0
nWarns = 0
sEndTime = 2010-03-13 13:08:13

[Build00000005]
sStartTime = 2010-03-13 13:09:42
sCompileUser = Administrator
nErrors = 0
nWarns = 0
sEndTime = 2010-03-13 13:09:42

[Build00000006]
sStartTime = 2010-03-13 13:10:11
sCompileUser = Administrator
nErrors = 0
nWarns = 0
sEndTime = 2010-03-13 13:10:11

[Build00000007]
sStartTime = 2010-03-13 13:17:37
sCompileUser = Administrator
nErrors = 0
nWarns = 0
sEndTime = 2010-03-13 13:17:37

[Build00000008]
sStartTime = 2010-03-13 13:19:29
sCompileUser = Administrator
nErrors = 0
nWarns = 0
sEndTime = 2010-03-13 13:19:29

[Build00000009]
sStartTime = 2010-03-13 13:20:08
sCompileUser = Administrator
nErrors = 0
nWarns = 0
sEndTime = 2010-03-13 13:20:08

[Build00000010]
sStartTime = 2010-03-13 13:21:06
sCompileUser = Administrator
nErrors = 0
nWarns = 0
sEndTime = 2010-03-13 13:21:06

[Build00000011]
sStartTime = 2010-03-13 13:21:38
sCompileUser = Administrator
nErrors = 0
nWarns = 0
sEndTime = 2010-03-13 13:21:38

[Build00000012]
sStartTime = 2010-03-13 13:21:59
sCompileUser = Administrator
nErrors = 0
nWarns = 0
sEndTime = 2010-03-13 13:21:59

[Build00000013]
sStartTime = 2010-03-13 13:22:42
sCompileUser = Administrator
nErrors = 0
nWarns = 0
sEndTime = 2010-03-13 13:22:42
