//本日志文件由 "Tabbar Add-in(1.16.2517) For Visual C++ 6.0" 创建
//项目文件:E:\codes\vc\mfc\sunxin\deep in C++\chapter6\Menu\Menu.dsp
//如果文件增长的很大请删除除本节之外的其他信息

[MAIN]
nBuildNumber = 56

[Build00000001]
sStartTime = 2010-03-14 14:36:31
sCompileUser = Administrator
nErrors = 0
nWarns = 0
sEndTime = 2010-03-14 14:36:34

[Build00000002]
sStartTime = 2010-03-14 14:38:06
sCompileUser = Administrator
nErrors = 0
nWarns = 0
sEndTime = 2010-03-14 14:38:07

[Build00000003]
sStartTime = 2010-03-14 14:40:13
sCompileUser = Administrator

[Build00000004]
sStartTime = 2010-03-14 14:51:53
sCompileUser = Administrator
nErrors = 0
nWarns = 0
sEndTime = 2010-03-14 14:51:53

[Build00000005]
sStartTime = 2010-03-14 14:52:35
sCompileUser = Administrator
nErrors = 0
nWarns = 0
sEndTime = 2010-03-14 14:52:35

[Build00000006]
sStartTime = 2010-03-14 14:54:45
sCompileUser = Administrator
nErrors = 0
nWarns = 0
sEndTime = 2010-03-14 14:54:45

[Build00000007]
sStartTime = 2010-03-14 14:55:46
sCompileUser = Administrator
nErrors = 0
nWarns = 0
sEndTime = 2010-03-14 14:55:46

[Build00000008]
sStartTime = 2010-03-14 14:56:01
sCompileUser = Administrator
nErrors = 0
nWarns = 0
sEndTime = 2010-03-14 14:56:01

[Build00000009]
sStartTime = 2010-03-14 14:56:17
sCompileUser = Administrator
nErrors = 0
nWarns = 0
sEndTime = 2010-03-14 14:56:17

[Build00000010]
sStartTime = 2010-03-14 14:56:40
sCompileUser = Administrator
nErrors = 0
nWarns = 0
sEndTime = 2010-03-14 14:56:40

[Build00000011]
sStartTime = 2010-03-14 14:56:53
sCompileUser = Administrator
nErrors = 0
nWarns = 0
sEndTime = 2010-03-14 14:56:54

[Build00000012]
sStartTime = 2010-03-14 15:06:04
sCompileUser = Administrator
nErrors = 0
nWarns = 0
sEndTime = 2010-03-14 15:06:04

[Build00000013]
sStartTime = 2010-03-14 15:07:17
sCompileUser = Administrator
nErrors = 0
nWarns = 0
sEndTime = 2010-03-14 15:07:18

[Build00000014]
sStartTime = 2010-03-14 15:10:20
sCompileUser = Administrator
nErrors = 0
nWarns = 0
sEndTime = 2010-03-14 15:10:20

[Build00000015]
sStartTime = 2010-03-14 15:10:55
sCompileUser = Administrator
nErrors = 0
nWarns = 0
sEndTime = 2010-03-14 15:10:55

[Build00000016]
sStartTime = 2010-03-14 15:11:34
sCompileUser = Administrator
nErrors = 0
nWarns = 0
sEndTime = 2010-03-14 15:11:34

[Build00000017]
sStartTime = 2010-03-14 15:13:33
sCompileUser = Administrator
nErrors = 0
nWarns = 0
sEndTime = 2010-03-14 15:13:33

[Build00000018]
sStartTime = 2010-03-14 15:14:16
sCompileUser = Administrator
nErrors = 0
nWarns = 0
sEndTime = 2010-03-14 15:14:16

[Build00000019]
sStartTime = 2010-03-14 15:38:53
sCompileUser = Administrator
nErrors = 0
nWarns = 0
sEndTime = 2010-03-14 15:38:54

[Build00000020]
sStartTime = 2010-03-14 15:39:25
sCompileUser = Administrator
nErrors = 0
nWarns = 0
sEndTime = 2010-03-14 15:39:25

[Build00000021]
sStartTime = 2010-03-14 15:41:13
sCompileUser = Administrator
nErrors = 0
nWarns = 0
sEndTime = 2010-03-14 15:41:14

[Build00000022]
sStartTime = 2010-03-14 15:43:36
sCompileUser = Administrator
nErrors = 0
nWarns = 0
sEndTime = 2010-03-14 15:43:36

[Build00000023]
sStartTime = 2010-03-14 15:44:24
sCompileUser = Administrator
nErrors = 0
nWarns = 0
sEndTime = 2010-03-14 15:44:25

[Build00000024]
sStartTime = 2010-03-14 15:45:05
sCompileUser = Administrator
nErrors = 0
nWarns = 0
sEndTime = 2010-03-14 15:45:05

[Build00000025]
sStartTime = 2010-03-14 15:48:44
sCompileUser = Administrator
nErrors = 0
nWarns = 0
sEndTime = 2010-03-14 15:48:44

[Build00000026]
sStartTime = 2010-03-14 15:50:27
sCompileUser = Administrator
nErrors = 1
nWarns = 0
sEndTime = 2010-03-14 15:50:27

[Build00000027]
sStartTime = 2010-03-14 15:50:34
sCompileUser = Administrator
nErrors = 0
nWarns = 0
sEndTime = 2010-03-14 15:50:34

[Build00000028]
sStartTime = 2010-03-14 15:52:24
sCompileUser = Administrator
nErrors = 0
nWarns = 0
sEndTime = 2010-03-14 15:52:24

[Build00000029]
sStartTime = 2010-03-14 15:54:34
sCompileUser = Administrator
nErrors = 0
nWarns = 0
sEndTime = 2010-03-14 15:54:34

[Build00000030]
sStartTime = 2010-03-14 15:55:29
sCompileUser = Administrator
nErrors = 0
nWarns = 0
sEndTime = 2010-03-14 15:55:29

[Build00000031]
sStartTime = 2010-03-14 15:56:32
sCompileUser = Administrator
nErrors = 0
nWarns = 0
sEndTime = 2010-03-14 15:56:32

[Build00000032]
sStartTime = 2010-03-14 15:57:55
sCompileUser = Administrator
nErrors = 0
nWarns = 0
sEndTime = 2010-03-14 15:57:55

[Build00000033]
sStartTime = 2010-03-14 15:59:36
sCompileUser = Administrator
nErrors = 0
nWarns = 0
sEndTime = 2010-03-14 15:59:36

[Build00000034]
sStartTime = 2010-03-14 16:16:25
sCompileUser = Administrator
nErrors = 0
nWarns = 0
sEndTime = 2010-03-14 16:16:25

[Build00000035]
sStartTime = 2010-03-14 16:19:56
sCompileUser = Administrator
nErrors = 0
nWarns = 0
sEndTime = 2010-03-14 16:19:56

[Build00000036]
sStartTime = 2010-03-14 16:23:16
sCompileUser = Administrator
nErrors = 0
nWarns = 0
sEndTime = 2010-03-14 16:23:16

[Build00000037]
sStartTime = 2010-03-14 16:23:24
sCompileUser = Administrator
nErrors = 0
nWarns = 0
sEndTime = 2010-03-14 16:23:24

[Build00000038]
sStartTime = 2010-03-14 16:23:54
sCompileUser = Administrator
nErrors = 0
nWarns = 0
sEndTime = 2010-03-14 16:23:54

[Build00000039]
sStartTime = 2010-03-14 16:24:08
sCompileUser = Administrator
nErrors = 0
nWarns = 0
sEndTime = 2010-03-14 16:24:08

[Build00000040]
sStartTime = 2010-03-14 16:24:57
sCompileUser = Administrator
nErrors = 0
nWarns = 0
sEndTime = 2010-03-14 16:24:57

[Build00000041]
sStartTime = 2010-03-14 16:29:35
sCompileUser = Administrator
nErrors = 0
nWarns = 0
sEndTime = 2010-03-14 16:29:36

[Build00000042]
sStartTime = 2010-03-14 16:29:54
sCompileUser = Administrator
nErrors = 0
nWarns = 0
sEndTime = 2010-03-14 16:29:54

[Build00000043]
sStartTime = 2010-03-14 18:03:56
sCompileUser = Administrator
nErrors = 0
nWarns = 0
sEndTime = 2010-03-14 18:03:56

[Build00000044]
sStartTime = 2010-03-14 18:04:49
sCompileUser = Administrator
nErrors = 0
nWarns = 0
sEndTime = 2010-03-14 18:04:49

[Build00000045]
sStartTime = 2010-03-14 18:05:24
sCompileUser = Administrator
nErrors = 0
nWarns = 0
sEndTime = 2010-03-14 18:05:25

[Build00000046]
sStartTime = 2010-03-14 18:06:21
sCompileUser = Administrator
nErrors = 1
nWarns = 0
sEndTime = 2010-03-14 18:06:21

[Build00000047]
sStartTime = 2010-03-14 18:11:54
sCompileUser = Administrator
nErrors = 2
nWarns = 0
sEndTime = 2010-03-14 18:11:54

[Build00000048]
sStartTime = 2010-03-14 18:12:24
sCompileUser = Administrator
nErrors = 0
nWarns = 0
sEndTime = 2010-03-14 18:12:25

[Build00000049]
sStartTime = 2010-03-14 18:13:17
sCompileUser = Administrator
nErrors = 0
nWarns = 0
sEndTime = 2010-03-14 18:13:17

[Build00000050]
sStartTime = 2010-03-14 18:15:04
sCompileUser = Administrator
nErrors = 1
nWarns = 0
sEndTime = 2010-03-14 18:15:04

[Build00000051]
sStartTime = 2010-03-14 18:15:23
sCompileUser = Administrator
nErrors = 0
nWarns = 0
sEndTime = 2010-03-14 18:15:23

[Build00000052]
sStartTime = 2010-03-14 18:17:31
sCompileUser = Administrator
nErrors = 0
nWarns = 0
sEndTime = 2010-03-14 18:17:31

[Build00000053]
sStartTime = 2010-03-14 18:19:14
sCompileUser = Administrator
nErrors = 0
nWarns = 0
sEndTime = 2010-03-14 18:19:14

[Build00000054]
sStartTime = 2010-03-14 18:19:30
sCompileUser = Administrator
nErrors = 0
nWarns = 0
sEndTime = 2010-03-14 18:19:30

[Build00000055]
sStartTime = 2010-03-14 18:19:55
sCompileUser = Administrator
nErrors = 0
nWarns = 0
sEndTime = 2010-03-14 18:19:56

[Build00000056]
sStartTime = 2010-03-14 18:20:13
sCompileUser = Administrator
nErrors = 0
nWarns = 0
sEndTime = 2010-03-14 18:20:13
